<?xml version="1.0" encoding="UTF-8"?>
<robot generator="Robot 6.1.1 (Python 3.11.4 on win32)" generated="20230822 19:38:59.181" rpa="false" schemaversion="4">
<suite id="s1" name="Amazon Testes" source="C:\CursoUdemy\RobotFramework\WebTesting\amazon_testes.robot">
<test id="s1-t1" name="Caso de testes 01 - Acesso ao menu &quot;Eletrônicos&quot;" line="11">
<kw name="Abrir o navegador" library="amazon_resources" type="SETUP">
<kw name="Open Browser" library="SeleniumLibrary">
<arg>browser=chrome</arg>
<doc>Opens a new browser instance to the optional ``url``.</doc>
<msg timestamp="20230822 19:38:59.338" level="INFO">Opening browser 'chrome' to base url 'None'.</msg>
<status status="PASS" starttime="20230822 19:38:59.338" endtime="20230822 19:39:00.658"/>
</kw>
<kw name="Maximize Browser Window" library="SeleniumLibrary">
<doc>Maximizes current browser window.</doc>
<status status="PASS" starttime="20230822 19:39:00.658" endtime="20230822 19:39:00.785"/>
</kw>
<status status="PASS" starttime="20230822 19:38:59.323" endtime="20230822 19:39:00.785"/>
</kw>
<kw name="Acessar a home page do site Amazon.com.br" library="amazon_resources">
<kw name="Go To" library="SeleniumLibrary">
<arg>url=${URL}</arg>
<doc>Navigates the current browser window to the provided ``url``.</doc>
<msg timestamp="20230822 19:39:00.786" level="INFO">Opening url 'http://www.amazon.com.br'</msg>
<status status="PASS" starttime="20230822 19:39:00.785" endtime="20230822 19:39:02.411"/>
</kw>
<kw name="Wait Until Element Is Visible" library="SeleniumLibrary">
<arg>locator=${MENU_ELETRONICOS}</arg>
<doc>Waits until the element ``locator`` is visible.</doc>
<status status="PASS" starttime="20230822 19:39:02.411" endtime="20230822 19:39:02.430"/>
</kw>
<status status="PASS" starttime="20230822 19:39:00.785" endtime="20230822 19:39:02.430"/>
</kw>
<kw name="Entrar no menu &quot;Eletrônicos&quot;" library="amazon_resources">
<kw name="Click Element" library="SeleniumLibrary">
<arg>locator=${MENU_ELETRONICOS}</arg>
<doc>Click the element identified by ``locator``.</doc>
<msg timestamp="20230822 19:39:02.431" level="INFO">Clicking element '//a[@href='/Eletronicos-e-Tecnologia/b/?ie=UTF8&amp;node=16209062011&amp;ref_=nav_cs_electronics'][contains(.,'Eletrônicos')]'.</msg>
<status status="PASS" starttime="20230822 19:39:02.430" endtime="20230822 19:39:03.421"/>
</kw>
<status status="PASS" starttime="20230822 19:39:02.430" endtime="20230822 19:39:03.421"/>
</kw>
<kw name="Verificar se aparece a frase &quot;Eletrônicos e Tecnologia&quot;" library="amazon_resources">
<kw name="Wait Until Page Contains" library="SeleniumLibrary">
<arg>text=${TEXTO_HEADER_ELETRONICOS}</arg>
<doc>Waits until ``text`` appears on the current page.</doc>
<status status="PASS" starttime="20230822 19:39:03.421" endtime="20230822 19:39:03.956"/>
</kw>
<kw name="Wait Until Element Is Visible" library="SeleniumLibrary">
<arg>locator=${HEADER_ELETRONICOS}</arg>
<doc>Waits until the element ``locator`` is visible.</doc>
<status status="PASS" starttime="20230822 19:39:03.956" endtime="20230822 19:39:04.098"/>
</kw>
<status status="PASS" starttime="20230822 19:39:03.421" endtime="20230822 19:39:04.098"/>
</kw>
<kw name="Verificar se o título da página fica &quot;Eletrônicos e Tecnologia | Amazon.com.br&quot;" library="amazon_resources" sourcename="Verificar se o título da página fica &quot;${TITULO}&quot;">
<kw name="Wait Until Page Contains" library="SeleniumLibrary">
<arg>text=${TITULO}</arg>
<doc>Waits until ``text`` appears on the current page.</doc>
<status status="PASS" starttime="20230822 19:39:04.098" endtime="20230822 19:39:04.149"/>
</kw>
<kw name="Title Should Be" library="SeleniumLibrary">
<arg>title=${TITULO}</arg>
<doc>Verifies that the current page title equals ``title``.</doc>
<msg timestamp="20230822 19:39:04.157" level="INFO">Page title is 'Eletrônicos e Tecnologia | Amazon.com.br'.</msg>
<status status="PASS" starttime="20230822 19:39:04.149" endtime="20230822 19:39:04.157"/>
</kw>
<status status="PASS" starttime="20230822 19:39:04.098" endtime="20230822 19:39:04.157"/>
</kw>
<kw name="Verificar se aparece a categoria &quot;Computadores e Informática&quot;" library="amazon_resources" sourcename="Verificar se aparece a categoria &quot;${NOME_CATEGORIA}&quot;">
<kw name="Element Should Be Visible" library="SeleniumLibrary">
<arg>locator=//a[@aria-label='${NOME_CATEGORIA}']</arg>
<doc>Verifies that the element identified by ``locator`` is visible.</doc>
<msg timestamp="20230822 19:39:04.234" level="INFO">Element '//a[@aria-label='Computadores e Informática']' is displayed.</msg>
<status status="PASS" starttime="20230822 19:39:04.157" endtime="20230822 19:39:04.234"/>
</kw>
<status status="PASS" starttime="20230822 19:39:04.157" endtime="20230822 19:39:04.234"/>
</kw>
<kw name="Fechar o navegador" library="amazon_resources" type="TEARDOWN">
<kw name="Capture Page Screenshot" library="SeleniumLibrary">
<doc>Takes a screenshot of the current page and embeds it into a log file.</doc>
<msg timestamp="20230822 19:39:04.412" level="INFO" html="true">&lt;/td&gt;&lt;/tr&gt;&lt;tr&gt;&lt;td colspan="3"&gt;&lt;a href="selenium-screenshot-1.png"&gt;&lt;img src="selenium-screenshot-1.png" width="800px"&gt;&lt;/a&gt;</msg>
<status status="PASS" starttime="20230822 19:39:04.235" endtime="20230822 19:39:04.412"/>
</kw>
<kw name="Close Browser" library="SeleniumLibrary">
<doc>Closes the current browser.</doc>
<status status="PASS" starttime="20230822 19:39:04.412" endtime="20230822 19:39:06.493"/>
</kw>
<status status="PASS" starttime="20230822 19:39:04.235" endtime="20230822 19:39:06.493"/>
</kw>
<doc>Esse teste verifica o menu Eletrônicos do site da Amazon
e verifica a caegoria Computadores e Informática</doc>
<tag>categorias</tag>
<tag>menus</tag>
<status status="PASS" starttime="20230822 19:38:59.323" endtime="20230822 19:39:06.494"/>
</test>
<test id="s1-t2" name="Caso de testes 01 - Pesquisa de um Produto" line="21">
<kw name="Abrir o navegador" library="amazon_resources" type="SETUP">
<kw name="Open Browser" library="SeleniumLibrary">
<arg>browser=chrome</arg>
<doc>Opens a new browser instance to the optional ``url``.</doc>
<msg timestamp="20230822 19:39:06.495" level="INFO">Opening browser 'chrome' to base url 'None'.</msg>
<status status="PASS" starttime="20230822 19:39:06.495" endtime="20230822 19:39:07.685"/>
</kw>
<kw name="Maximize Browser Window" library="SeleniumLibrary">
<doc>Maximizes current browser window.</doc>
<status status="PASS" starttime="20230822 19:39:07.685" endtime="20230822 19:39:07.800"/>
</kw>
<status status="PASS" starttime="20230822 19:39:06.495" endtime="20230822 19:39:07.800"/>
</kw>
<kw name="Acessar a home page do site Amazon.com.br" library="amazon_resources">
<kw name="Go To" library="SeleniumLibrary">
<arg>url=${URL}</arg>
<doc>Navigates the current browser window to the provided ``url``.</doc>
<msg timestamp="20230822 19:39:07.800" level="INFO">Opening url 'http://www.amazon.com.br'</msg>
<status status="PASS" starttime="20230822 19:39:07.800" endtime="20230822 19:39:09.510"/>
</kw>
<kw name="Wait Until Element Is Visible" library="SeleniumLibrary">
<arg>locator=${MENU_ELETRONICOS}</arg>
<doc>Waits until the element ``locator`` is visible.</doc>
<status status="PASS" starttime="20230822 19:39:09.510" endtime="20230822 19:39:09.527"/>
</kw>
<status status="PASS" starttime="20230822 19:39:07.800" endtime="20230822 19:39:09.527"/>
</kw>
<kw name="Digitar o nome de produto &quot;Xbox Series S&quot; no campo de pesquisa" library="amazon_resources" sourcename="Digitar o nome de produto &quot;${NOME_PRODUTO}&quot; no campo de pesquisa">
<kw name="Input Text" library="SeleniumLibrary">
<arg>locator=twotabsearchtextbox</arg>
<arg>text=${NOME_PRODUTO}</arg>
<doc>Types the given ``text`` into the text field identified by ``locator``.</doc>
<msg timestamp="20230822 19:39:09.529" level="INFO">Typing text 'Xbox Series S' into text field 'twotabsearchtextbox'.</msg>
<status status="PASS" starttime="20230822 19:39:09.527" endtime="20230822 19:39:09.648"/>
</kw>
<status status="PASS" starttime="20230822 19:39:09.527" endtime="20230822 19:39:09.648"/>
</kw>
<kw name="Clicar no botão de pesquisa" library="amazon_resources">
<kw name="Click Element" library="SeleniumLibrary">
<arg>locator=nav-search-submit-button</arg>
<doc>Click the element identified by ``locator``.</doc>
<msg timestamp="20230822 19:39:09.649" level="INFO">Clicking element 'nav-search-submit-button'.</msg>
<status status="PASS" starttime="20230822 19:39:09.649" endtime="20230822 19:39:09.724"/>
</kw>
<status status="PASS" starttime="20230822 19:39:09.649" endtime="20230822 19:39:09.724"/>
</kw>
<kw name="Verificar se o título da página fica &quot;Amazon.com.br : Xbox Series S&quot;" library="amazon_resources" sourcename="Verificar se o título da página fica &quot;${TITULO}&quot;">
<kw name="Wait Until Page Contains" library="SeleniumLibrary">
<arg>text=${TITULO}</arg>
<doc>Waits until ``text`` appears on the current page.</doc>
<status status="PASS" starttime="20230822 19:39:09.725" endtime="20230822 19:39:10.122"/>
</kw>
<kw name="Title Should Be" library="SeleniumLibrary">
<arg>title=${TITULO}</arg>
<doc>Verifies that the current page title equals ``title``.</doc>
<msg timestamp="20230822 19:39:10.124" level="INFO">Page title is 'Amazon.com.br : Xbox Series S'.</msg>
<status status="PASS" starttime="20230822 19:39:10.122" endtime="20230822 19:39:10.124"/>
</kw>
<status status="PASS" starttime="20230822 19:39:09.724" endtime="20230822 19:39:10.124"/>
</kw>
<kw name="Verificar o resultado da pesquisa, listando o produto &quot;Console Xbox Series X&quot;" library="amazon_resources" sourcename="Verificar o resultado da pesquisa, listando o produto &quot;${PRODUTO}&quot;">
<kw name="Wait Until Element Is Visible" library="SeleniumLibrary">
<arg>locator=(//span[contains(.,'${PRODUTO}')])[2]</arg>
<doc>Waits until the element ``locator`` is visible.</doc>
<status status="PASS" starttime="20230822 19:39:10.125" endtime="20230822 19:39:10.552"/>
</kw>
<status status="PASS" starttime="20230822 19:39:10.124" endtime="20230822 19:39:10.552"/>
</kw>
<kw name="Fechar o navegador" library="amazon_resources" type="TEARDOWN">
<kw name="Capture Page Screenshot" library="SeleniumLibrary">
<doc>Takes a screenshot of the current page and embeds it into a log file.</doc>
<msg timestamp="20230822 19:39:10.709" level="INFO" html="true">&lt;/td&gt;&lt;/tr&gt;&lt;tr&gt;&lt;td colspan="3"&gt;&lt;a href="selenium-screenshot-2.png"&gt;&lt;img src="selenium-screenshot-2.png" width="800px"&gt;&lt;/a&gt;</msg>
<status status="PASS" starttime="20230822 19:39:10.553" endtime="20230822 19:39:10.709"/>
</kw>
<kw name="Close Browser" library="SeleniumLibrary">
<doc>Closes the current browser.</doc>
<status status="PASS" starttime="20230822 19:39:10.710" endtime="20230822 19:39:12.791"/>
</kw>
<status status="PASS" starttime="20230822 19:39:10.553" endtime="20230822 19:39:12.791"/>
</kw>
<doc>Esse teste verifica a busca de um produto</doc>
<tag>busca_produtos</tag>
<tag>lista_busca</tag>
<status status="PASS" starttime="20230822 19:39:06.494" endtime="20230822 19:39:12.791"/>
</test>
<test id="s1-t3" name="Caso de Teste 03 - Adicionar Produto no Carrinho" line="30">
<kw name="Abrir o navegador" library="amazon_resources" type="SETUP">
<kw name="Open Browser" library="SeleniumLibrary">
<arg>browser=chrome</arg>
<doc>Opens a new browser instance to the optional ``url``.</doc>
<msg timestamp="20230822 19:39:12.793" level="INFO">Opening browser 'chrome' to base url 'None'.</msg>
<status status="PASS" starttime="20230822 19:39:12.793" endtime="20230822 19:39:13.976"/>
</kw>
<kw name="Maximize Browser Window" library="SeleniumLibrary">
<doc>Maximizes current browser window.</doc>
<status status="PASS" starttime="20230822 19:39:13.976" endtime="20230822 19:39:14.093"/>
</kw>
<status status="PASS" starttime="20230822 19:39:12.792" endtime="20230822 19:39:14.093"/>
</kw>
<kw name="Acessar a home page do site Amazon.com.br" library="amazon_resources">
<kw name="Go To" library="SeleniumLibrary">
<arg>url=${URL}</arg>
<doc>Navigates the current browser window to the provided ``url``.</doc>
<msg timestamp="20230822 19:39:14.094" level="INFO">Opening url 'http://www.amazon.com.br'</msg>
<status status="PASS" starttime="20230822 19:39:14.093" endtime="20230822 19:39:15.699"/>
</kw>
<kw name="Wait Until Element Is Visible" library="SeleniumLibrary">
<arg>locator=${MENU_ELETRONICOS}</arg>
<doc>Waits until the element ``locator`` is visible.</doc>
<status status="PASS" starttime="20230822 19:39:15.701" endtime="20230822 19:39:15.728"/>
</kw>
<status status="PASS" starttime="20230822 19:39:14.093" endtime="20230822 19:39:15.728"/>
</kw>
<kw name="Digitar o nome de produto &quot;Xbox Series S&quot; no campo de pesquisa" library="amazon_resources" sourcename="Digitar o nome de produto &quot;${NOME_PRODUTO}&quot; no campo de pesquisa">
<kw name="Input Text" library="SeleniumLibrary">
<arg>locator=twotabsearchtextbox</arg>
<arg>text=${NOME_PRODUTO}</arg>
<doc>Types the given ``text`` into the text field identified by ``locator``.</doc>
<msg timestamp="20230822 19:39:15.729" level="INFO">Typing text 'Xbox Series S' into text field 'twotabsearchtextbox'.</msg>
<status status="PASS" starttime="20230822 19:39:15.728" endtime="20230822 19:39:15.829"/>
</kw>
<status status="PASS" starttime="20230822 19:39:15.728" endtime="20230822 19:39:15.829"/>
</kw>
<kw name="Clicar no botão de pesquisa" library="amazon_resources">
<kw name="Click Element" library="SeleniumLibrary">
<arg>locator=nav-search-submit-button</arg>
<doc>Click the element identified by ``locator``.</doc>
<msg timestamp="20230822 19:39:15.830" level="INFO">Clicking element 'nav-search-submit-button'.</msg>
<status status="PASS" starttime="20230822 19:39:15.830" endtime="20230822 19:39:15.917"/>
</kw>
<status status="PASS" starttime="20230822 19:39:15.829" endtime="20230822 19:39:15.917"/>
</kw>
<kw name="Verificar o resultado da pesquisa, listando o produto &quot;Console Xbox Series X&quot;" library="amazon_resources" sourcename="Verificar o resultado da pesquisa, listando o produto &quot;${PRODUTO}&quot;">
<kw name="Wait Until Element Is Visible" library="SeleniumLibrary">
<arg>locator=(//span[contains(.,'${PRODUTO}')])[2]</arg>
<doc>Waits until the element ``locator`` is visible.</doc>
<status status="PASS" starttime="20230822 19:39:15.917" endtime="20230822 19:39:16.732"/>
</kw>
<status status="PASS" starttime="20230822 19:39:15.917" endtime="20230822 19:39:16.732"/>
</kw>
<kw name="Adicionar o produto &quot;Console Xbox Series S&quot; no carrinho" library="amazon_resources" sourcename="Adicionar o produto &quot;${PRODUTO}&quot; no carrinho">
<kw name="Click Element" library="SeleniumLibrary">
<arg>locator=//img[@alt='${PRODUTO}']</arg>
<doc>Click the element identified by ``locator``.</doc>
<msg timestamp="20230822 19:39:16.733" level="INFO">Clicking element '//img[@alt='Console Xbox Series S']'.</msg>
<status status="PASS" starttime="20230822 19:39:16.732" endtime="20230822 19:39:20.533"/>
</kw>
<kw name="Wait Until Element Is Visible" library="SeleniumLibrary">
<arg>locator=${ADD_CARRINHO}</arg>
<doc>Waits until the element ``locator`` is visible.</doc>
<status status="PASS" starttime="20230822 19:39:20.533" endtime="20230822 19:39:20.559"/>
</kw>
<kw name="Click Button" library="SeleniumLibrary">
<arg>locator=${ADD_CARRINHO}</arg>
<doc>Clicks the button identified by ``locator``.</doc>
<msg timestamp="20230822 19:39:20.559" level="INFO">Clicking button 'add-to-cart-button'.</msg>
<status status="PASS" starttime="20230822 19:39:20.559" endtime="20230822 19:39:21.551"/>
</kw>
<status status="PASS" starttime="20230822 19:39:16.732" endtime="20230822 19:39:21.551"/>
</kw>
<kw name="Verificar se o produto &quot;Console Xbox Series S&quot; foi adicionado com sucesso" library="amazon_resources" sourcename="Verificar se o produto &quot;${PRODUTO}&quot; foi adicionado com sucesso">
<kw name="Wait Until Element Is Visible" library="SeleniumLibrary">
<arg>locator=//span[@class='a-size-medium-plus a-color-base sw-atc-text a-text-bold'][contains(.,'Adicionado ao carrinho')]</arg>
<doc>Waits until the element ``locator`` is visible.</doc>
<status status="PASS" starttime="20230822 19:39:21.552" endtime="20230822 19:39:21.582"/>
</kw>
<kw name="Click Element" library="SeleniumLibrary">
<arg>locator=${CARRINHO}</arg>
<doc>Click the element identified by ``locator``.</doc>
<msg timestamp="20230822 19:39:21.583" level="INFO">Clicking element 'nav-cart'.</msg>
<status status="PASS" starttime="20230822 19:39:21.582" endtime="20230822 19:39:22.304"/>
</kw>
<kw name="Wait Until Element Is Visible" library="SeleniumLibrary">
<arg>locator=//span[@class='a-truncate-cut'][contains(.,'${PRODUTO}')]</arg>
<doc>Waits until the element ``locator`` is visible.</doc>
<status status="PASS" starttime="20230822 19:39:22.304" endtime="20230822 19:39:22.340"/>
</kw>
<status status="PASS" starttime="20230822 19:39:21.552" endtime="20230822 19:39:22.340"/>
</kw>
<kw name="Fechar o navegador" library="amazon_resources" type="TEARDOWN">
<kw name="Capture Page Screenshot" library="SeleniumLibrary">
<doc>Takes a screenshot of the current page and embeds it into a log file.</doc>
<msg timestamp="20230822 19:39:22.457" level="INFO" html="true">&lt;/td&gt;&lt;/tr&gt;&lt;tr&gt;&lt;td colspan="3"&gt;&lt;a href="selenium-screenshot-3.png"&gt;&lt;img src="selenium-screenshot-3.png" width="800px"&gt;&lt;/a&gt;</msg>
<status status="PASS" starttime="20230822 19:39:22.340" endtime="20230822 19:39:22.457"/>
</kw>
<kw name="Close Browser" library="SeleniumLibrary">
<doc>Closes the current browser.</doc>
<status status="PASS" starttime="20230822 19:39:22.457" endtime="20230822 19:39:24.558"/>
</kw>
<status status="PASS" starttime="20230822 19:39:22.340" endtime="20230822 19:39:24.558"/>
</kw>
<doc>Esse teste verifica a adição de um produto no carrinho de compras</doc>
<tag>adicionar_carrinho</tag>
<status status="PASS" starttime="20230822 19:39:12.792" endtime="20230822 19:39:24.558"/>
</test>
<test id="s1-t4" name="Caso de Teste 04 - Remover Produto do Carrinho" line="40">
<kw name="Abrir o navegador" library="amazon_resources" type="SETUP">
<kw name="Open Browser" library="SeleniumLibrary">
<arg>browser=chrome</arg>
<doc>Opens a new browser instance to the optional ``url``.</doc>
<msg timestamp="20230822 19:39:24.560" level="INFO">Opening browser 'chrome' to base url 'None'.</msg>
<status status="PASS" starttime="20230822 19:39:24.560" endtime="20230822 19:39:25.747"/>
</kw>
<kw name="Maximize Browser Window" library="SeleniumLibrary">
<doc>Maximizes current browser window.</doc>
<status status="PASS" starttime="20230822 19:39:25.747" endtime="20230822 19:39:25.863"/>
</kw>
<status status="PASS" starttime="20230822 19:39:24.559" endtime="20230822 19:39:25.863"/>
</kw>
<kw name="Acessar a home page do site Amazon.com.br" library="amazon_resources">
<kw name="Go To" library="SeleniumLibrary">
<arg>url=${URL}</arg>
<doc>Navigates the current browser window to the provided ``url``.</doc>
<msg timestamp="20230822 19:39:25.863" level="INFO">Opening url 'http://www.amazon.com.br'</msg>
<status status="PASS" starttime="20230822 19:39:25.863" endtime="20230822 19:39:27.687"/>
</kw>
<kw name="Wait Until Element Is Visible" library="SeleniumLibrary">
<arg>locator=${MENU_ELETRONICOS}</arg>
<doc>Waits until the element ``locator`` is visible.</doc>
<status status="PASS" starttime="20230822 19:39:27.687" endtime="20230822 19:39:27.717"/>
</kw>
<status status="PASS" starttime="20230822 19:39:25.863" endtime="20230822 19:39:27.718"/>
</kw>
<kw name="Digitar o nome de produto &quot;Xbox Series S&quot; no campo de pesquisa" library="amazon_resources" sourcename="Digitar o nome de produto &quot;${NOME_PRODUTO}&quot; no campo de pesquisa">
<kw name="Input Text" library="SeleniumLibrary">
<arg>locator=twotabsearchtextbox</arg>
<arg>text=${NOME_PRODUTO}</arg>
<doc>Types the given ``text`` into the text field identified by ``locator``.</doc>
<msg timestamp="20230822 19:39:27.718" level="INFO">Typing text 'Xbox Series S' into text field 'twotabsearchtextbox'.</msg>
<status status="PASS" starttime="20230822 19:39:27.718" endtime="20230822 19:39:27.818"/>
</kw>
<status status="PASS" starttime="20230822 19:39:27.718" endtime="20230822 19:39:27.818"/>
</kw>
<kw name="Clicar no botão de pesquisa" library="amazon_resources">
<kw name="Click Element" library="SeleniumLibrary">
<arg>locator=nav-search-submit-button</arg>
<doc>Click the element identified by ``locator``.</doc>
<msg timestamp="20230822 19:39:27.819" level="INFO">Clicking element 'nav-search-submit-button'.</msg>
<status status="PASS" starttime="20230822 19:39:27.819" endtime="20230822 19:39:27.898"/>
</kw>
<status status="PASS" starttime="20230822 19:39:27.819" endtime="20230822 19:39:27.898"/>
</kw>
<kw name="Verificar o resultado da pesquisa, listando o produto &quot;Console Xbox Series X&quot;" library="amazon_resources" sourcename="Verificar o resultado da pesquisa, listando o produto &quot;${PRODUTO}&quot;">
<kw name="Wait Until Element Is Visible" library="SeleniumLibrary">
<arg>locator=(//span[contains(.,'${PRODUTO}')])[2]</arg>
<doc>Waits until the element ``locator`` is visible.</doc>
<status status="PASS" starttime="20230822 19:39:27.899" endtime="20230822 19:39:28.986"/>
</kw>
<status status="PASS" starttime="20230822 19:39:27.899" endtime="20230822 19:39:28.986"/>
</kw>
<kw name="Adicionar o produto &quot;Console Xbox Series S&quot; no carrinho" library="amazon_resources" sourcename="Adicionar o produto &quot;${PRODUTO}&quot; no carrinho">
<kw name="Click Element" library="SeleniumLibrary">
<arg>locator=//img[@alt='${PRODUTO}']</arg>
<doc>Click the element identified by ``locator``.</doc>
<msg timestamp="20230822 19:39:28.988" level="INFO">Clicking element '//img[@alt='Console Xbox Series S']'.</msg>
<status status="PASS" starttime="20230822 19:39:28.988" endtime="20230822 19:39:32.582"/>
</kw>
<kw name="Wait Until Element Is Visible" library="SeleniumLibrary">
<arg>locator=${ADD_CARRINHO}</arg>
<doc>Waits until the element ``locator`` is visible.</doc>
<status status="PASS" starttime="20230822 19:39:32.582" endtime="20230822 19:39:32.602"/>
</kw>
<kw name="Click Button" library="SeleniumLibrary">
<arg>locator=${ADD_CARRINHO}</arg>
<doc>Clicks the button identified by ``locator``.</doc>
<msg timestamp="20230822 19:39:32.602" level="INFO">Clicking button 'add-to-cart-button'.</msg>
<status status="PASS" starttime="20230822 19:39:32.602" endtime="20230822 19:39:33.920"/>
</kw>
<status status="PASS" starttime="20230822 19:39:28.986" endtime="20230822 19:39:33.920"/>
</kw>
<kw name="Verificar se o produto &quot;Console Xbox Series S&quot; foi adicionado com sucesso" library="amazon_resources" sourcename="Verificar se o produto &quot;${PRODUTO}&quot; foi adicionado com sucesso">
<kw name="Wait Until Element Is Visible" library="SeleniumLibrary">
<arg>locator=//span[@class='a-size-medium-plus a-color-base sw-atc-text a-text-bold'][contains(.,'Adicionado ao carrinho')]</arg>
<doc>Waits until the element ``locator`` is visible.</doc>
<status status="PASS" starttime="20230822 19:39:33.920" endtime="20230822 19:39:33.954"/>
</kw>
<kw name="Click Element" library="SeleniumLibrary">
<arg>locator=${CARRINHO}</arg>
<doc>Click the element identified by ``locator``.</doc>
<msg timestamp="20230822 19:39:33.955" level="INFO">Clicking element 'nav-cart'.</msg>
<status status="PASS" starttime="20230822 19:39:33.954" endtime="20230822 19:39:34.788"/>
</kw>
<kw name="Wait Until Element Is Visible" library="SeleniumLibrary">
<arg>locator=//span[@class='a-truncate-cut'][contains(.,'${PRODUTO}')]</arg>
<doc>Waits until the element ``locator`` is visible.</doc>
<status status="PASS" starttime="20230822 19:39:34.788" endtime="20230822 19:39:34.816"/>
</kw>
<status status="PASS" starttime="20230822 19:39:33.920" endtime="20230822 19:39:34.816"/>
</kw>
<kw name="Remover o produto &quot;Console Xbox Series S&quot; do carrinho" library="amazon_resources">
<kw name="Click Element" library="SeleniumLibrary">
<arg>locator=${EXCLUIR_PRODUTO}</arg>
<doc>Click the element identified by ``locator``.</doc>
<msg timestamp="20230822 19:39:34.817" level="INFO">Clicking element '//input[contains(@value,'Excluir')]'.</msg>
<status status="PASS" starttime="20230822 19:39:34.817" endtime="20230822 19:39:34.873"/>
</kw>
<status status="PASS" starttime="20230822 19:39:34.817" endtime="20230822 19:39:34.873"/>
</kw>
<kw name="Verificar se o carrinho fica vazio" library="amazon_resources">
<kw name="Wait Until Element Is Visible" library="SeleniumLibrary">
<arg>locator=${REMOVIDO_CARRINHO}</arg>
<doc>Waits until the element ``locator`` is visible.</doc>
<status status="PASS" starttime="20230822 19:39:34.873" endtime="20230822 19:39:35.300"/>
</kw>
<status status="PASS" starttime="20230822 19:39:34.873" endtime="20230822 19:39:35.300"/>
</kw>
<kw name="Fechar o navegador" library="amazon_resources" type="TEARDOWN">
<kw name="Capture Page Screenshot" library="SeleniumLibrary">
<doc>Takes a screenshot of the current page and embeds it into a log file.</doc>
<msg timestamp="20230822 19:39:35.404" level="INFO" html="true">&lt;/td&gt;&lt;/tr&gt;&lt;tr&gt;&lt;td colspan="3"&gt;&lt;a href="selenium-screenshot-4.png"&gt;&lt;img src="selenium-screenshot-4.png" width="800px"&gt;&lt;/a&gt;</msg>
<status status="PASS" starttime="20230822 19:39:35.300" endtime="20230822 19:39:35.404"/>
</kw>
<kw name="Close Browser" library="SeleniumLibrary">
<doc>Closes the current browser.</doc>
<status status="PASS" starttime="20230822 19:39:35.404" endtime="20230822 19:39:37.497"/>
</kw>
<status status="PASS" starttime="20230822 19:39:35.300" endtime="20230822 19:39:37.497"/>
</kw>
<doc>Esse teste verifica a remoção de um produto no carrinho de compras</doc>
<tag>remover_carrinho</tag>
<status status="PASS" starttime="20230822 19:39:24.559" endtime="20230822 19:39:37.497"/>
</test>
<doc>Essa suite testa o site da Amazon</doc>
<status status="PASS" starttime="20230822 19:38:59.182" endtime="20230822 19:39:37.497"/>
</suite>
<statistics>
<total>
<stat pass="4" fail="0" skip="0">All Tests</stat>
</total>
<tag>
<stat pass="1" fail="0" skip="0">adicionar_carrinho</stat>
<stat pass="1" fail="0" skip="0">busca_produtos</stat>
<stat pass="1" fail="0" skip="0">categorias</stat>
<stat pass="1" fail="0" skip="0">lista_busca</stat>
<stat pass="1" fail="0" skip="0">menus</stat>
<stat pass="1" fail="0" skip="0">remover_carrinho</stat>
</tag>
<suite>
<stat pass="4" fail="0" skip="0" id="s1" name="Amazon Testes">Amazon Testes</stat>
</suite>
</statistics>
<errors>
</errors>
</robot>
